<!DOCTYPE html PUBLIC "-//W3C//DTD XHTML 1.1//EN" "http://www.w3.org/TR/xhtml11/DTD/xhtml11.dtd">
<html xmlns="http://www.w3.org/1999/xhtml">
<head>
<meta http-equiv="content-type" content="text/html; charset=UTF-8"/>
<title>TestNG Report</title>
<style type="text/css">table {margin-bottom:10px;border-collapse:collapse;empty-cells:show}th,td {border:1px solid #009;padding:.25em .5em}th {vertical-align:bottom}td {vertical-align:top}table a {font-weight:bold}.stripe td {background-color: #E6EBF9}.num {text-align:right}.passedodd td {background-color: #3F3}.passedeven td {background-color: #0A0}.skippedodd td {background-color: #DDD}.skippedeven td {background-color: #CCC}.failedodd td,.attn {background-color: #F33}.failedeven td,.stripe .attn {background-color: #D00}.stacktrace {white-space:pre;font-family:monospace}.totop {font-size:85%;text-align:center;border-bottom:2px solid #000}.invisible {display:none}</style>
</head>
<body>
<table>
<tr><th>Test</th><th># Passed</th><th># Skipped</th><th># Retried</th><th># Failed</th><th>Time (ms)</th><th>Included Groups</th><th>Excluded Groups</th></tr>
<tr><th colspan="8">Suite</th></tr>
<tr><td><a href="#t0">Test</a></td><td class="num">8</td><td class="num">0</td><td class="num">0</td><td class="num attn">3</td><td class="num">39,197</td><td></td><td></td></tr>
</table>
<table id='summary'><thead><tr><th>Class</th><th>Method</th><th>Start</th><th>Time (ms)</th></tr></thead><tbody><tr><th colspan="4">Suite</th></tr></tbody><tbody id="t0"><tr><th colspan="4">Test &#8212; failed</th></tr><tr class="failedeven"><td rowspan="2">TestCases.Checkout_Test</td><td><a href="#m0">T02_selectSingleItem</a></td><td rowspan="1">1592162912760</td><td rowspan="1">361</td></tr><tr class="failedeven"><td><a href="#m1">T03_continueToCheckout</a></td><td rowspan="1">1592162913492</td><td rowspan="1">3179</td></tr><tr class="failedodd"><td rowspan="1">TestCases.Login_Test</td><td><a href="#m2">T01_successfulLogin</a></td><td rowspan="1">1592162903594</td><td rowspan="1">863</td></tr><tr><th colspan="4">Test &#8212; passed</th></tr><tr class="passedeven"><td rowspan="3">TestCases.Checkout_Test</td><td><a href="#m3">T01_validLogin</a></td><td rowspan="1">1592162911821</td><td rowspan="1">938</td></tr><tr class="passedeven"><td><a href="#m4">T04_checkout_StepOne</a></td><td rowspan="1">1592162917006</td><td rowspan="1">6650</td></tr><tr class="passedeven"><td><a href="#m5">T05_checkout_StepTwo</a></td><td rowspan="1">1592162923657</td><td rowspan="1">277</td></tr><tr class="passedodd"><td rowspan="5">TestCases.Login_Test</td><td><a href="#m6">T01_invalidLoginAttempts</a></td><td rowspan="5">1592162891624</td><td rowspan="5">2317</td></tr><tr class="passedodd"><td><a href="#m7">T01_invalidLoginAttempts</a></td></tr><tr class="passedodd"><td><a href="#m8">T01_invalidLoginAttempts</a></td></tr><tr class="passedodd"><td><a href="#m9">T01_invalidLoginAttempts</a></td></tr><tr class="passedodd"><td><a href="#m10">T01_invalidLoginAttempts</a></td></tr></tbody>
</table>
<h2>Test</h2><h3 id="m0">TestCases.Checkout_Test#T02_selectSingleItem</h3><table class="result"><tr><th>Exception</th></tr><tr><td><div class="stacktrace">java.lang.AssertionError: The following asserts failed:
	expected [1] but found [3]
	at TestCases.Checkout_Test.T02_selectSingleItem(Checkout_Test.java:67)
	at java.util.ArrayList.forEach(Unknown Source)
... Removed 29 stack frames</div></td></tr></table><p class="totop"><a href="#summary">back to summary</a></p>
<h3 id="m1">TestCases.Checkout_Test#T03_continueToCheckout</h3><table class="result"><tr><th>Exception</th></tr><tr><td><div class="stacktrace">java.lang.AssertionError: The following asserts failed:
	expected [1] but found [3],
	expected [15.99] but found [15.99_123]
	at TestCases.Checkout_Test.T03_continueToCheckout(Checkout_Test.java:80)
	at java.util.ArrayList.forEach(Unknown Source)
... Removed 29 stack frames</div></td></tr></table><p class="totop"><a href="#summary">back to summary</a></p>
<h3 id="m2">TestCases.Login_Test#T01_successfulLogin</h3><table class="result"><tr class="param"><th>Parameter #1</th><th>Parameter #2</th><th>Parameter #3</th></tr><tr class="param stripe"><td>standard_user</td><td>secret_sauce</td><td>valid credentials</td></tr><tr><th colspan="3">Exception</th></tr><tr><td colspan="3"><div class="stacktrace">java.lang.AssertionError: The following asserts failed:
	expected [Products] but found [Products_123123]
	at TestCases.Login_Test.T01_successfulLogin(Login_Test.java:67)
	at java.util.ArrayList.forEach(Unknown Source)
... Removed 29 stack frames</div></td></tr></table><p class="totop"><a href="#summary">back to summary</a></p>
<h3 id="m3">TestCases.Checkout_Test#T01_validLogin</h3><table class="result"><tr><th class="invisible"/></tr></table><p class="totop"><a href="#summary">back to summary</a></p>
<h3 id="m4">TestCases.Checkout_Test#T04_checkout_StepOne</h3><table class="result"><tr><th class="invisible"/></tr></table><p class="totop"><a href="#summary">back to summary</a></p>
<h3 id="m5">TestCases.Checkout_Test#T05_checkout_StepTwo</h3><table class="result"><tr><th class="invisible"/></tr></table><p class="totop"><a href="#summary">back to summary</a></p>
<h3 id="m6">TestCases.Login_Test#T01_invalidLoginAttempts</h3><table class="result"><tr class="param"><th>Parameter #1</th><th>Parameter #2</th><th>Parameter #3</th></tr><tr class="param stripe"><td>Daniel</td><td>aaaa</td><td>invalid credentials</td></tr></table><p class="totop"><a href="#summary">back to summary</a></p>
<h3 id="m7">TestCases.Login_Test#T01_invalidLoginAttempts</h3><table class="result"><tr class="param"><th>Parameter #1</th><th>Parameter #2</th><th>Parameter #3</th></tr><tr class="param stripe"><td>standard_user</td><td>cccc</td><td>only password is invalid</td></tr></table><p class="totop"><a href="#summary">back to summary</a></p>
<h3 id="m8">TestCases.Login_Test#T01_invalidLoginAttempts</h3><table class="result"><tr class="param"><th>Parameter #1</th><th>Parameter #2</th><th>Parameter #3</th></tr><tr class="param stripe"><td></td><td>secret_sauce</td><td>username is missing</td></tr></table><p class="totop"><a href="#summary">back to summary</a></p>
<h3 id="m9">TestCases.Login_Test#T01_invalidLoginAttempts</h3><table class="result"><tr class="param"><th>Parameter #1</th><th>Parameter #2</th><th>Parameter #3</th></tr><tr class="param stripe"><td>standard_user</td><td></td><td>password is missing</td></tr></table><p class="totop"><a href="#summary">back to summary</a></p>
<h3 id="m10">TestCases.Login_Test#T01_invalidLoginAttempts</h3><table class="result"><tr class="param"><th>Parameter #1</th><th>Parameter #2</th><th>Parameter #3</th></tr><tr class="param stripe"><td>bbbb</td><td>secret_sauce</td><td>only username is invalid</td></tr></table><p class="totop"><a href="#summary">back to summary</a></p>
</body>
</html>
